

Started GET "/" for 127.0.0.1 at 2017-12-29 02:40:26 -0500
Processing by Rails::WelcomeController#index as */*
  Rendered /home/cabox/.rvm/gems/ruby-2.1.2/gems/railties-4.1.6/lib/rails/templates/rails/welcome/index.html.erb (2.8ms)
Completed 200 OK in 25ms (Views: 13.1ms | ActiveRecord: 0.0ms)


Started GET "/" for 127.0.0.1 at 2017-12-29 02:40:26 -0500
Processing by Rails::WelcomeController#index as */*
  Rendered /home/cabox/.rvm/gems/ruby-2.1.2/gems/railties-4.1.6/lib/rails/templates/rails/welcome/index.html.erb (0.1ms)
Completed 200 OK in 6ms (Views: 5.2ms | ActiveRecord: 0.0ms)


Started GET "/" for 1.186.181.173 at 2017-12-29 02:40:35 -0500
Processing by Rails::WelcomeController#index as HTML
  Rendered /home/cabox/.rvm/gems/ruby-2.1.2/gems/railties-4.1.6/lib/rails/templates/rails/welcome/index.html.erb (1.2ms)
Completed 200 OK in 3ms (Views: 2.3ms | ActiveRecord: 0.0ms)


Started GET "/Welcome/index" for 1.186.181.173 at 2017-12-29 02:41:04 -0500

ActionController::RoutingError (No route matches [GET] "/Welcome/index"):
  actionpack (4.1.6) lib/action_dispatch/middleware/debug_exceptions.rb:21:in `call'
  actionpack (4.1.6) lib/action_dispatch/middleware/show_exceptions.rb:30:in `call'
  railties (4.1.6) lib/rails/rack/logger.rb:38:in `call_app'
  railties (4.1.6) lib/rails/rack/logger.rb:20:in `block in call'
  activesupport (4.1.6) lib/active_support/tagged_logging.rb:68:in `block in tagged'
  activesupport (4.1.6) lib/active_support/tagged_logging.rb:26:in `tagged'
  activesupport (4.1.6) lib/active_support/tagged_logging.rb:68:in `tagged'
  railties (4.1.6) lib/rails/rack/logger.rb:20:in `call'
  actionpack (4.1.6) lib/action_dispatch/middleware/request_id.rb:21:in `call'
  rack (1.5.5) lib/rack/methodoverride.rb:21:in `call'
  rack (1.5.5) lib/rack/runtime.rb:17:in `call'
  activesupport (4.1.6) lib/active_support/cache/strategy/local_cache_middleware.rb:26:in `call'
  rack (1.5.5) lib/rack/lock.rb:17:in `call'
  actionpack (4.1.6) lib/action_dispatch/middleware/static.rb:64:in `call'
  rack (1.5.5) lib/rack/sendfile.rb:112:in `call'
  railties (4.1.6) lib/rails/engine.rb:514:in `call'
  railties (4.1.6) lib/rails/application.rb:144:in `call'
  rack (1.5.5) lib/rack/lock.rb:17:in `call'
  rack (1.5.5) lib/rack/content_length.rb:14:in `call'
  rack (1.5.5) lib/rack/handler/webrick.rb:60:in `service'
  /home/cabox/.rvm/rubies/ruby-2.1.2/lib/ruby/2.1.0/webrick/httpserver.rb:138:in `service'
  /home/cabox/.rvm/rubies/ruby-2.1.2/lib/ruby/2.1.0/webrick/httpserver.rb:94:in `run'
  /home/cabox/.rvm/rubies/ruby-2.1.2/lib/ruby/2.1.0/webrick/server.rb:295:in `block in start_thread'


  Rendered /home/cabox/.rvm/gems/ruby-2.1.2/gems/actionpack-4.1.6/lib/action_dispatch/middleware/templates/rescues/_trace.html.erb (8.6ms)
  Rendered /home/cabox/.rvm/gems/ruby-2.1.2/gems/actionpack-4.1.6/lib/action_dispatch/middleware/templates/routes/_table.html.erb (22.4ms)
  Rendered /home/cabox/.rvm/gems/ruby-2.1.2/gems/actionpack-4.1.6/lib/action_dispatch/middleware/templates/rescues/routing_error.html.erb within rescues/layout (59.8ms)


Started GET "/" for 127.0.0.1 at 2017-12-29 02:43:13 -0500
Processing by Rails::WelcomeController#index as */*
  Rendered /home/cabox/.rvm/gems/ruby-2.1.2/gems/railties-4.1.6/lib/rails/templates/rails/welcome/index.html.erb (2.2ms)
Completed 200 OK in 24ms (Views: 13.2ms | ActiveRecord: 0.0ms)


Started GET "/" for 127.0.0.1 at 2017-12-29 02:43:13 -0500
Processing by Rails::WelcomeController#index as */*
  Rendered /home/cabox/.rvm/gems/ruby-2.1.2/gems/railties-4.1.6/lib/rails/templates/rails/welcome/index.html.erb (0.1ms)
Completed 200 OK in 6ms (Views: 4.9ms | ActiveRecord: 0.0ms)


Started GET "/" for 1.186.181.173 at 2017-12-29 02:43:14 -0500
Processing by Rails::WelcomeController#index as HTML
  Rendered /home/cabox/.rvm/gems/ruby-2.1.2/gems/railties-4.1.6/lib/rails/templates/rails/welcome/index.html.erb (1.1ms)
Completed 200 OK in 3ms (Views: 2.3ms | ActiveRecord: 0.0ms)


Started GET "/" for 127.0.0.1 at 2017-12-29 02:48:33 -0500
Processing by WelcomeController#index as */*
  Rendered welcome/index.html.erb within layouts/application (1.4ms)
Completed 200 OK in 870ms (Views: 857.9ms | ActiveRecord: 0.0ms)


Started GET "/" for 127.0.0.1 at 2017-12-29 02:48:34 -0500
Processing by WelcomeController#index as */*
  Rendered welcome/index.html.erb within layouts/application (0.1ms)
Completed 200 OK in 73ms (Views: 72.1ms | ActiveRecord: 0.0ms)


Started GET "/" for 127.0.0.1 at 2017-12-29 02:48:34 -0500
Processing by WelcomeController#index as */*
  Rendered welcome/index.html.erb within layouts/application (0.1ms)
Completed 200 OK in 72ms (Views: 72.0ms | ActiveRecord: 0.0ms)


Started GET "/" for 1.186.181.173 at 2017-12-29 02:48:35 -0500
Processing by WelcomeController#index as HTML
  Rendered welcome/index.html.erb within layouts/application (0.6ms)
Completed 200 OK in 58ms (Views: 57.9ms | ActiveRecord: 0.0ms)


Started GET "/assets/welcome.css?body=1" for 1.186.181.173 at 2017-12-29 02:48:35 -0500


Started GET "/assets/application.css?body=1" for 1.186.181.173 at 2017-12-29 02:48:35 -0500


Started GET "/assets/jquery_ujs.js?body=1" for 1.186.181.173 at 2017-12-29 02:48:35 -0500


Started GET "/assets/jquery.js?body=1" for 1.186.181.173 at 2017-12-29 02:48:35 -0500


Started GET "/assets/welcome.js?body=1" for 1.186.181.173 at 2017-12-29 02:48:35 -0500


Started GET "/assets/turbolinks.js?body=1" for 1.186.181.173 at 2017-12-29 02:48:35 -0500


Started GET "/assets/application.js?body=1" for 1.186.181.173 at 2017-12-29 02:48:35 -0500


Started GET "/" for 127.0.0.1 at 2017-12-29 02:52:59 -0500
Processing by WelcomeController#index as */*
  Rendered welcome/index.html.erb within layouts/application (1.6ms)
Completed 200 OK in 534ms (Views: 522.0ms | ActiveRecord: 0.0ms)


Started GET "/" for 127.0.0.1 at 2017-12-29 02:53:00 -0500
Processing by WelcomeController#index as */*
  Rendered welcome/index.html.erb within layouts/application (0.5ms)
Completed 200 OK in 81ms (Views: 79.7ms | ActiveRecord: 0.0ms)


Started GET "/" for 127.0.0.1 at 2017-12-29 02:53:00 -0500
Processing by WelcomeController#index as */*
  Rendered welcome/index.html.erb within layouts/application (0.1ms)
Completed 200 OK in 76ms (Views: 75.7ms | ActiveRecord: 0.0ms)


Started GET "/" for 1.186.181.173 at 2017-12-29 02:53:01 -0500
Processing by WelcomeController#index as HTML
  Rendered welcome/index.html.erb within layouts/application (0.6ms)
Completed 200 OK in 71ms (Views: 70.4ms | ActiveRecord: 0.0ms)


Started GET "/assets/articles.css?body=1" for 1.186.181.173 at 2017-12-29 02:53:01 -0500


Started GET "/assets/welcome.css?body=1" for 1.186.181.173 at 2017-12-29 02:53:02 -0500


Started GET "/assets/application.css?body=1" for 1.186.181.173 at 2017-12-29 02:53:02 -0500


Started GET "/assets/articles.js?body=1" for 1.186.181.173 at 2017-12-29 02:53:02 -0500


Started GET "/assets/welcome.js?body=1" for 1.186.181.173 at 2017-12-29 02:53:02 -0500


Started GET "/assets/jquery_ujs.js?body=1" for 1.186.181.173 at 2017-12-29 02:53:02 -0500


Started GET "/assets/turbolinks.js?body=1" for 1.186.181.173 at 2017-12-29 02:53:03 -0500


Started GET "/assets/application.js?body=1" for 1.186.181.173 at 2017-12-29 02:53:03 -0500


Started GET "/articles/new" for 1.186.181.173 at 2017-12-29 02:53:23 -0500
Processing by ArticlesController#new as HTML
  Rendered articles/new.html.erb within layouts/application (19.3ms)
Completed 500 Internal Server Error in 23ms

ActionView::Template::Error (undefined method `form_with' for #<#<Class:0x000000026950d0>:0x0000000268b698>):
    1: <%= form_with scope: :article, local: true do |form| %>
    2:   <p>
    3:     <%= form.label :title %><br>
    4:     <%= form.text_field :title %>
  app/views/articles/new.html.erb:1:in `_app_views_articles_new_html_erb___1364800231062850566_20203580'


  Rendered /home/cabox/.rvm/gems/ruby-2.1.2/gems/actionpack-4.1.6/lib/action_dispatch/middleware/templates/rescues/_trace.html.erb (2.4ms)
  Rendered /home/cabox/.rvm/gems/ruby-2.1.2/gems/actionpack-4.1.6/lib/action_dispatch/middleware/templates/rescues/_request_and_response.html.erb (2.0ms)
  Rendered /home/cabox/.rvm/gems/ruby-2.1.2/gems/actionpack-4.1.6/lib/action_dispatch/middleware/templates/rescues/template_error.html.erb within rescues/layout (24.8ms)


Started GET "/articles/new" for 1.186.181.173 at 2017-12-29 02:55:24 -0500
Processing by ArticlesController#new as HTML
  Rendered articles/new.html.erb within layouts/application (0.7ms)
Completed 200 OK in 83ms (Views: 81.8ms | ActiveRecord: 0.0ms)


Started GET "/assets/articles.css?body=1" for 1.186.181.173 at 2017-12-29 02:55:25 -0500


Started GET "/assets/welcome.css?body=1" for 1.186.181.173 at 2017-12-29 02:55:25 -0500


Started GET "/assets/jquery.js?body=1" for 1.186.181.173 at 2017-12-29 02:55:25 -0500


Started GET "/assets/application.css?body=1" for 1.186.181.173 at 2017-12-29 02:55:25 -0500


Started GET "/assets/jquery_ujs.js?body=1" for 1.186.181.173 at 2017-12-29 02:55:25 -0500


Started GET "/assets/turbolinks.js?body=1" for 1.186.181.173 at 2017-12-29 02:55:25 -0500


Started GET "/assets/articles.js?body=1" for 1.186.181.173 at 2017-12-29 02:55:25 -0500


Started GET "/assets/welcome.js?body=1" for 1.186.181.173 at 2017-12-29 02:55:25 -0500


Started GET "/assets/application.js?body=1" for 1.186.181.173 at 2017-12-29 02:55:26 -0500


Started GET "/articles/new" for 1.186.181.173 at 2017-12-29 02:56:21 -0500
Processing by ArticlesController#new as HTML
  Rendered articles/new.html.erb within layouts/application (18.3ms)
Completed 500 Internal Server Error in 21ms

ActionView::Template::Error (undefined method `form_with' for #<#<Class:0x000000026950d0>:0x00000001c385b0>):
    1: <p>
    2:   hi
    3: </p>
    4: <%= form_with scope: :article, local: true do |form| %>
    5:   <p>
    6:     <%= form.label :title %><br>
    7:     <%= form.text_field :title %>
  app/views/articles/new.html.erb:4:in `_app_views_articles_new_html_erb___1364800231062850566_14789220'


  Rendered /home/cabox/.rvm/gems/ruby-2.1.2/gems/actionpack-4.1.6/lib/action_dispatch/middleware/templates/rescues/_trace.html.erb (2.3ms)
  Rendered /home/cabox/.rvm/gems/ruby-2.1.2/gems/actionpack-4.1.6/lib/action_dispatch/middleware/templates/rescues/_request_and_response.html.erb (1.7ms)
  Rendered /home/cabox/.rvm/gems/ruby-2.1.2/gems/actionpack-4.1.6/lib/action_dispatch/middleware/templates/rescues/template_error.html.erb within rescues/layout (17.4ms)


Started GET "/articles/new" for 1.186.181.173 at 2017-12-29 02:58:37 -0500
Processing by ArticlesController#new as HTML
Completed 500 Internal Server Error in 2ms

NameError (uninitialized constant ArticlesController::Article):
  app/controllers/articles_controller.rb:3:in `new'


  Rendered /home/cabox/.rvm/gems/ruby-2.1.2/gems/actionpack-4.1.6/lib/action_dispatch/middleware/templates/rescues/_source.erb (1.0ms)
  Rendered /home/cabox/.rvm/gems/ruby-2.1.2/gems/actionpack-4.1.6/lib/action_dispatch/middleware/templates/rescues/_trace.html.erb (2.0ms)
  Rendered /home/cabox/.rvm/gems/ruby-2.1.2/gems/actionpack-4.1.6/lib/action_dispatch/middleware/templates/rescues/_request_and_response.html.erb (1.4ms)
  Rendered /home/cabox/.rvm/gems/ruby-2.1.2/gems/actionpack-4.1.6/lib/action_dispatch/middleware/templates/rescues/diagnostics.erb within rescues/layout (23.0ms)


Started GET "/articles/new" for 1.186.181.173 at 2017-12-29 02:59:15 -0500
Processing by ArticlesController#new as HTML
Completed 500 Internal Server Error in 1ms

NameError (uninitialized constant ArticlesController::Article):
  app/controllers/articles_controller.rb:3:in `new'


  Rendered /home/cabox/.rvm/gems/ruby-2.1.2/gems/actionpack-4.1.6/lib/action_dispatch/middleware/templates/rescues/_source.erb (0.9ms)
  Rendered /home/cabox/.rvm/gems/ruby-2.1.2/gems/actionpack-4.1.6/lib/action_dispatch/middleware/templates/rescues/_trace.html.erb (2.0ms)
  Rendered /home/cabox/.rvm/gems/ruby-2.1.2/gems/actionpack-4.1.6/lib/action_dispatch/middleware/templates/rescues/_request_and_response.html.erb (1.5ms)
  Rendered /home/cabox/.rvm/gems/ruby-2.1.2/gems/actionpack-4.1.6/lib/action_dispatch/middleware/templates/rescues/diagnostics.erb within rescues/layout (20.7ms)


Started GET "/articles/new" for 1.186.181.173 at 2017-12-29 03:02:43 -0500
Processing by ArticlesController#new as HTML
  Rendered articles/new.html.erb within layouts/application (13.9ms)
Completed 500 Internal Server Error in 17ms

ActionView::Template::Error (undefined method `form_with' for #<#<Class:0x00000001e7fa58>:0x00000001e7dc30>):
    1: 
    2: <%= form_with scope: :article, local: true do |form| %>
    3:   <p>
    4:     <%= form.label :title %><br>
    5:     <%= form.text_field :title %>
  app/views/articles/new.html.erb:2:in `_app_views_articles_new_html_erb___1364800231062850566_15972580'


  Rendered /home/cabox/.rvm/gems/ruby-2.1.2/gems/actionpack-4.1.6/lib/action_dispatch/middleware/templates/rescues/_trace.html.erb (1.7ms)
  Rendered /home/cabox/.rvm/gems/ruby-2.1.2/gems/actionpack-4.1.6/lib/action_dispatch/middleware/templates/rescues/_request_and_response.html.erb (1.5ms)
  Rendered /home/cabox/.rvm/gems/ruby-2.1.2/gems/actionpack-4.1.6/lib/action_dispatch/middleware/templates/rescues/template_error.html.erb within rescues/layout (15.0ms)


Started GET "/articles/new" for 1.186.181.173 at 2017-12-29 03:04:42 -0500
Processing by ArticlesController#new as HTML
  Rendered articles/new.html.erb within layouts/application (12.3ms)
Completed 500 Internal Server Error in 15ms

ActionView::Template::Error (undefined method `form_with' for #<#<Class:0x00000001e7fa58>:0x00000003e451f8>):
    1: 
    2: <%= form_with scope: :article, url: articles_path, local: true do |form| %>
    3:   <p>
    4:     <%= form.label :title %><br>
    5:     <%= form.text_field :title %>
  app/views/articles/new.html.erb:2:in `_app_views_articles_new_html_erb___1364800231062850566_32620100'


  Rendered /home/cabox/.rvm/gems/ruby-2.1.2/gems/actionpack-4.1.6/lib/action_dispatch/middleware/templates/rescues/_trace.html.erb (1.6ms)
  Rendered /home/cabox/.rvm/gems/ruby-2.1.2/gems/actionpack-4.1.6/lib/action_dispatch/middleware/templates/rescues/_request_and_response.html.erb (1.2ms)
  Rendered /home/cabox/.rvm/gems/ruby-2.1.2/gems/actionpack-4.1.6/lib/action_dispatch/middleware/templates/rescues/template_error.html.erb within rescues/layout (13.9ms)
  [1m[36m (32.8ms)[0m  [1mCREATE TABLE "schema_migrations" ("version" varchar(255) NOT NULL) [0m
  [1m[35m (0.2ms)[0m  select sqlite_version(*)
  [1m[36m (25.2ms)[0m  [1mCREATE UNIQUE INDEX "unique_schema_migrations" ON "schema_migrations" ("version")[0m
  [1m[35mActiveRecord::SchemaMigration Load (0.2ms)[0m  SELECT "schema_migrations".* FROM "schema_migrations"
Migrating to CreateArticles (20171229164744)
  [1m[36m (0.2ms)[0m  [1mbegin transaction[0m
  [1m[35m (1.0ms)[0m  CREATE TABLE "articles" ("id" INTEGER PRIMARY KEY AUTOINCREMENT NOT NULL, "title" varchar(255), "text" text, "created_at" datetime, "updated_at" datetime) 
  [1m[36mSQL (0.3ms)[0m  [1mINSERT INTO "schema_migrations" ("version") VALUES (?)[0m  [["version", "20171229164744"]]
  [1m[35m (25.5ms)[0m  commit transaction
  [1m[36mActiveRecord::SchemaMigration Load (0.3ms)[0m  [1mSELECT "schema_migrations".* FROM "schema_migrations"[0m


Started GET "/" for 127.0.0.1 at 2017-12-29 12:19:55 -0500
  [1m[36mActiveRecord::SchemaMigration Load (0.3ms)[0m  [1mSELECT "schema_migrations".* FROM "schema_migrations"[0m
Processing by WelcomeController#index as */*
  Rendered welcome/index.html.erb within layouts/application (7.0ms)
Completed 200 OK in 625ms (Views: 584.5ms | ActiveRecord: 0.0ms)


Started GET "/" for 127.0.0.1 at 2017-12-29 12:19:56 -0500
Processing by WelcomeController#index as */*
  Rendered welcome/index.html.erb within layouts/application (0.7ms)
Completed 200 OK in 206ms (Views: 204.7ms | ActiveRecord: 0.0ms)


Started GET "/" for 127.0.0.1 at 2017-12-29 12:19:57 -0500
Processing by WelcomeController#index as */*
  Rendered welcome/index.html.erb within layouts/application (0.7ms)
Completed 200 OK in 159ms (Views: 158.0ms | ActiveRecord: 0.0ms)


Started GET "/" for 127.0.0.1 at 2017-12-29 12:19:57 -0500
Processing by WelcomeController#index as */*
  Rendered welcome/index.html.erb within layouts/application (0.9ms)
Completed 200 OK in 91ms (Views: 90.3ms | ActiveRecord: 0.0ms)


Started GET "/" for 127.0.0.1 at 2017-12-29 12:20:24 -0500
  [1m[36mActiveRecord::SchemaMigration Load (0.3ms)[0m  [1mSELECT "schema_migrations".* FROM "schema_migrations"[0m
Processing by WelcomeController#index as */*
  Rendered welcome/index.html.erb within layouts/application (2.7ms)
Completed 200 OK in 186ms (Views: 162.2ms | ActiveRecord: 0.0ms)


Started GET "/" for 127.0.0.1 at 2017-12-29 12:20:24 -0500
Processing by WelcomeController#index as */*
  Rendered welcome/index.html.erb within layouts/application (0.9ms)
Completed 200 OK in 142ms (Views: 141.6ms | ActiveRecord: 0.0ms)


Started GET "/" for 127.0.0.1 at 2017-12-29 12:20:24 -0500
Processing by WelcomeController#index as */*
  Rendered welcome/index.html.erb within layouts/application (0.8ms)
Completed 200 OK in 196ms (Views: 195.4ms | ActiveRecord: 0.0ms)


Started GET "/" for 127.0.0.1 at 2017-12-29 12:20:25 -0500
Processing by WelcomeController#index as */*
  Rendered welcome/index.html.erb within layouts/application (0.6ms)
Completed 200 OK in 159ms (Views: 158.8ms | ActiveRecord: 0.0ms)


Started GET "/" for 1.186.181.173 at 2017-12-29 12:20:47 -0500
Processing by WelcomeController#index as HTML
  Rendered welcome/index.html.erb within layouts/application (1.4ms)
Completed 200 OK in 107ms (Views: 106.6ms | ActiveRecord: 0.0ms)


Started GET "/assets/articles.css?body=1" for 1.186.181.173 at 2017-12-29 12:20:47 -0500


Started GET "/assets/welcome.css?body=1" for 1.186.181.173 at 2017-12-29 12:20:47 -0500


Started GET "/assets/application.css?body=1" for 1.186.181.173 at 2017-12-29 12:20:47 -0500


Started GET "/assets/jquery.js?body=1" for 1.186.181.173 at 2017-12-29 12:20:48 -0500


Started GET "/assets/turbolinks.js?body=1" for 1.186.181.173 at 2017-12-29 12:20:48 -0500


Started GET "/assets/jquery_ujs.js?body=1" for 1.186.181.173 at 2017-12-29 12:20:48 -0500


Started GET "/assets/articles.js?body=1" for 1.186.181.173 at 2017-12-29 12:20:48 -0500


Started GET "/assets/application.js?body=1" for 1.186.181.173 at 2017-12-29 12:20:48 -0500


Started GET "/assets/welcome.js?body=1" for 1.186.181.173 at 2017-12-29 12:20:48 -0500


Started GET "/articles" for 1.186.181.173 at 2017-12-29 12:20:52 -0500

SyntaxError (/home/cabox/workspace/app/controllers/articles_controller.rb:50: syntax error, unexpected end-of-input, expecting keyword_end):
  app/controllers/articles_controller.rb:50: syntax error, unexpected end-of-input, expecting keyword_end


  Rendered /home/cabox/.rvm/gems/ruby-2.1.2/gems/actionpack-4.1.6/lib/action_dispatch/middleware/templates/rescues/_source.erb (1.6ms)
  Rendered /home/cabox/.rvm/gems/ruby-2.1.2/gems/actionpack-4.1.6/lib/action_dispatch/middleware/templates/rescues/_trace.html.erb (2.1ms)
  Rendered /home/cabox/.rvm/gems/ruby-2.1.2/gems/actionpack-4.1.6/lib/action_dispatch/middleware/templates/rescues/_request_and_response.html.erb (2.6ms)
  Rendered /home/cabox/.rvm/gems/ruby-2.1.2/gems/actionpack-4.1.6/lib/action_dispatch/middleware/templates/rescues/diagnostics.erb within rescues/layout (46.9ms)


Started GET "/articles" for 1.186.181.173 at 2017-12-29 12:21:23 -0500
Processing by ArticlesController#index as HTML
Completed 500 Internal Server Error in 8ms

NameError (uninitialized constant ApplicationRecord):
  app/models/article.rb:1:in `<top (required)>'
  app/controllers/articles_controller.rb:4:in `index'


  Rendered /home/cabox/.rvm/gems/ruby-2.1.2/gems/actionpack-4.1.6/lib/action_dispatch/middleware/templates/rescues/_source.erb (2.8ms)
  Rendered /home/cabox/.rvm/gems/ruby-2.1.2/gems/actionpack-4.1.6/lib/action_dispatch/middleware/templates/rescues/_trace.html.erb (9.0ms)
  Rendered /home/cabox/.rvm/gems/ruby-2.1.2/gems/actionpack-4.1.6/lib/action_dispatch/middleware/templates/rescues/_request_and_response.html.erb (5.1ms)
  Rendered /home/cabox/.rvm/gems/ruby-2.1.2/gems/actionpack-4.1.6/lib/action_dispatch/middleware/templates/rescues/diagnostics.erb within rescues/layout (61.4ms)


Started GET "/" for 1.186.181.173 at 2017-12-29 12:22:49 -0500
Processing by WelcomeController#index as HTML
  Rendered welcome/index.html.erb within layouts/application (1.1ms)
Completed 200 OK in 204ms (Views: 201.2ms | ActiveRecord: 0.0ms)


Started GET "/assets/articles.css?body=1" for 1.186.181.173 at 2017-12-29 12:22:50 -0500


Started GET "/assets/application.css?body=1" for 1.186.181.173 at 2017-12-29 12:22:50 -0500


Started GET "/assets/turbolinks.js?body=1" for 1.186.181.173 at 2017-12-29 12:22:50 -0500


Started GET "/assets/welcome.css?body=1" for 1.186.181.173 at 2017-12-29 12:22:50 -0500


Started GET "/assets/jquery.js?body=1" for 1.186.181.173 at 2017-12-29 12:22:50 -0500


Started GET "/assets/jquery_ujs.js?body=1" for 1.186.181.173 at 2017-12-29 12:22:50 -0500


Started GET "/assets/articles.js?body=1" for 1.186.181.173 at 2017-12-29 12:22:50 -0500


Started GET "/assets/welcome.js?body=1" for 1.186.181.173 at 2017-12-29 12:22:50 -0500


Started GET "/assets/application.js?body=1" for 1.186.181.173 at 2017-12-29 12:22:50 -0500


Started GET "/articles/index" for 1.186.181.173 at 2017-12-29 12:23:10 -0500
Processing by ArticlesController#show as HTML
  Parameters: {"id"=>"index"}
  Rendered articles/show.html.erb within layouts/application (18.9ms)
Completed 500 Internal Server Error in 22ms

ActionView::Template::Error (undefined method `title' for nil:NilClass):
    1: 
    2: <p>
    3:   <strong>Title:</strong>
    4:   <%= @article.title %>
    5: </p>
    6:  
    7: <p>
  app/views/articles/show.html.erb:4:in `_app_views_articles_show_html_erb__4195033387414438106_27688040'


  Rendered /home/cabox/.rvm/gems/ruby-2.1.2/gems/actionpack-4.1.6/lib/action_dispatch/middleware/templates/rescues/_trace.html.erb (3.5ms)
  Rendered /home/cabox/.rvm/gems/ruby-2.1.2/gems/actionpack-4.1.6/lib/action_dispatch/middleware/templates/rescues/_request_and_response.html.erb (1.7ms)
  Rendered /home/cabox/.rvm/gems/ruby-2.1.2/gems/actionpack-4.1.6/lib/action_dispatch/middleware/templates/rescues/template_error.html.erb within rescues/layout (23.1ms)
